---------------------------------------
Begin Slurm Prolog: Apr-29-2024 16:01:30
Job ID:    618934
User ID:   lfogel3
Account:   bios
Job name:  ProteinMPNNrun_antibodies
Partition: coc-gpu
---------------------------------------
----------------------------------------
chain_id_jsonl is NOT loaded
----------------------------------------
fixed_positions_jsonl is NOT loaded
----------------------------------------
pssm_jsonl is NOT loaded
----------------------------------------
omit_AA_jsonl is NOT loaded
----------------------------------------
bias_AA_jsonl is NOT loaded
----------------------------------------
tied_positions_jsonl is NOT loaded
----------------------------------------
bias by residue dictionary is not loaded, or not provided
----------------------------------------
discarded {'bad_chars': 0, 'too_long': 0, 'bad_seq_length': 0}
----------------------------------------
Number of edges: 48
Training noise level: 0.2A
Generating sequences for: 8iuy
2 sequences of length 719 generated in 5.2597 seconds
deactivate does not accept arguments
remainder_args: ['proteinMPNN']

---------------------------------------
Begin Slurm Epilog: Apr-29-2024 16:01:50
Job ID:        618934
Array Job ID:  _4294967294
User ID:       lfogel3
Account:       bios
Job name:      ProteinMPNNrun_antibodies
Resources:     cpu=10,gres/gpu:v100=1,mem=16G,node=1
Rsrc Used:     cput=00:03:30,vmem=6624K,walltime=00:00:21,mem=0,energy_used=0
Partition:     coc-gpu
Nodes:         atl1-1-02-009-33-0
---------------------------------------
